<?xml version="1.0" encoding="UTF-8"?>
<coverage generated="1645121941795" clover="3.2.0">
  <project timestamp="1645121941795" name="All files">
    <metrics statements="26" coveredstatements="26" conditionals="3" coveredconditionals="2" methods="11" coveredmethods="11" elements="40" coveredelements="39" complexity="0" loc="26" ncloc="26" packages="1" files="1" classes="1"/>
    <file name="index.ts" path="/Users/marcoshernandez/repos/pkce/src/index.ts">
      <metrics statements="26" coveredstatements="26" conditionals="3" coveredconditionals="2" methods="11" coveredmethods="11"/>
      <line num="1" count="1" type="stmt"/>
      <line num="22" count="1" type="stmt"/>
      <line num="23" count="2" type="stmt"/>
      <line num="24" count="2" type="stmt"/>
      <line num="25" count="2" type="stmt"/>
      <line num="27" count="1" type="stmt"/>
      <line num="28" count="3" type="stmt"/>
      <line num="31" count="1" type="stmt"/>
      <line num="32" count="56" type="stmt"/>
      <line num="35" count="1" type="cond" truecount="0" falsecount="1"/>
      <line num="36" count="7" type="stmt"/>
      <line num="37" count="7" type="cond" truecount="2" falsecount="0"/>
      <line num="41" count="1" type="stmt"/>
      <line num="42" count="5" type="stmt"/>
      <line num="45" count="1" type="stmt"/>
      <line num="46" count="3" type="stmt"/>
      <line num="49" count="1" type="stmt"/>
      <line num="50" count="3" type="stmt"/>
      <line num="54" count="1" type="stmt"/>
      <line num="55" count="3" type="stmt"/>
      <line num="58" count="1" type="stmt"/>
      <line num="63" count="2" type="stmt"/>
      <line num="64" count="2" type="stmt"/>
      <line num="71" count="1" type="stmt"/>
      <line num="72" count="1" type="stmt"/>
      <line num="73" count="1" type="stmt"/>
    </file>
  </project>
</coverage>
