{"/Users/marcoshernandez/repos/pkce/src/index.ts": {"path":"/Users/marcoshernandez/repos/pkce/src/index.ts","statementMap":{"0":{"start":{"line":1,"column":0},"end":{"line":1,"column":42}},"1":{"start":{"line":23,"column":17},"end":{"line":23,"column":38}},"2":{"start":{"line":24,"column":4},"end":{"line":24,"column":33}},"3":{"start":{"line":25,"column":4},"end":{"line":25,"column":47}},"4":{"start":{"line":22,"column":0},"end":{"line":22,"column":16}},"5":{"start":{"line":28,"column":4},"end":{"line":28,"column":45}},"6":{"start":{"line":27,"column":0},"end":{"line":27,"column":16}},"7":{"start":{"line":32,"column":4},"end":{"line":32,"column":null}},"8":{"start":{"line":31,"column":0},"end":{"line":31,"column":16}},"9":{"start":{"line":36,"column":20},"end":{"line":36,"column":58}},"10":{"start":{"line":37,"column":8},"end":{"line":39,"column":18}},"11":{"start":{"line":35,"column":0},"end":{"line":35,"column":16}},"12":{"start":{"line":42,"column":4},"end":{"line":42,"column":76}},"13":{"start":{"line":41,"column":0},"end":{"line":41,"column":16}},"14":{"start":{"line":46,"column":4},"end":{"line":46,"column":123}},"15":{"start":{"line":45,"column":0},"end":{"line":45,"column":16}},"16":{"start":{"line":50,"column":4},"end":{"line":52,"column":24}},"17":{"start":{"line":49,"column":0},"end":{"line":49,"column":22}},"18":{"start":{"line":55,"column":4},"end":{"line":55,"column":73}},"19":{"start":{"line":55,"column":53},"end":{"line":55,"column":71}},"20":{"start":{"line":54,"column":0},"end":{"line":54,"column":22}},"21":{"start":{"line":63,"column":21},"end":{"line":63,"column":43}},"22":{"start":{"line":64,"column":4},"end":{"line":68,"column":null}},"23":{"start":{"line":58,"column":0},"end":{"line":58,"column":22}},"24":{"start":{"line":72,"column":25},"end":{"line":72,"column":72}},"25":{"start":{"line":73,"column":4},"end":{"line":73,"column":38}},"26":{"start":{"line":71,"column":0},"end":{"line":71,"column":22}}},"fnMap":{"0":{"name":"generateRandomString","decl":{"start":{"line":22,"column":16},"end":{"line":22,"column":36}},"loc":{"start":{"line":22,"column":36},"end":{"line":26,"column":1}}},"1":{"name":"createBuffer","decl":{"start":{"line":27,"column":16},"end":{"line":27,"column":28}},"loc":{"start":{"line":27,"column":42},"end":{"line":29,"column":1}}},"2":{"name":"decToHex","decl":{"start":{"line":31,"column":16},"end":{"line":31,"column":24}},"loc":{"start":{"line":31,"column":36},"end":{"line":33,"column":1}}},"3":{"name":"base64EncodeBase","decl":{"start":{"line":35,"column":16},"end":{"line":35,"column":32}},"loc":{"start":{"line":35,"column":92},"end":{"line":40,"column":1}}},"4":{"name":"base64url","decl":{"start":{"line":41,"column":16},"end":{"line":41,"column":25}},"loc":{"start":{"line":41,"column":39},"end":{"line":43,"column":1}}},"5":{"name":"base64Encode","decl":{"start":{"line":45,"column":16},"end":{"line":45,"column":28}},"loc":{"start":{"line":45,"column":48},"end":{"line":47,"column":1}}},"6":{"name":"createHashSha256","decl":{"start":{"line":49,"column":22},"end":{"line":49,"column":38}},"loc":{"start":{"line":49,"column":52},"end":{"line":53,"column":null}}},"7":{"name":"createPKCEChallengeFromVerifier","decl":{"start":{"line":54,"column":22},"end":{"line":54,"column":53}},"loc":{"start":{"line":54,"column":70},"end":{"line":56,"column":null}}},"8":{"name":"(anonymous_18)","decl":{"start":{"line":55,"column":43},"end":{"line":55,"column":44}},"loc":{"start":{"line":55,"column":53},"end":{"line":55,"column":71}}},"9":{"name":"createPKCE","decl":{"start":{"line":58,"column":22},"end":{"line":58,"column":32}},"loc":{"start":{"line":58,"column":32},"end":{"line":69,"column":null}}},"10":{"name":"verify","decl":{"start":{"line":71,"column":22},"end":{"line":71,"column":28}},"loc":{"start":{"line":71,"column":63},"end":{"line":74,"column":null}}}},"branchMap":{"0":{"loc":{"start":{"line":35,"column":49},"end":{"line":35,"column":92}},"type":"default-arg","locations":[{"start":{"line":35,"column":84},"end":{"line":35,"column":92}}]},"1":{"loc":{"start":{"line":37,"column":15},"end":{"line":39,"column":17}},"type":"cond-expr","locations":[{"start":{"line":38,"column":14},"end":{"line":38,"column":28}},{"start":{"line":39,"column":14},"end":{"line":39,"column":17}}]}},"s":{"0":1,"1":2,"2":2,"3":2,"4":1,"5":3,"6":1,"7":56,"8":1,"9":7,"10":7,"11":1,"12":5,"13":1,"14":3,"15":1,"16":3,"17":1,"18":3,"19":3,"20":1,"21":2,"22":2,"23":1,"24":1,"25":1,"26":1},"f":{"0":2,"1":3,"2":56,"3":7,"4":5,"5":3,"6":3,"7":3,"8":3,"9":2,"10":1},"b":{"0":[0],"1":[5,2]}}
}
