TN:
SF:src/index.ts
FN:22,generateRandomString
FN:27,createBuffer
FN:31,decToHex
FN:35,base64EncodeBase
FN:41,base64url
FN:45,base64Encode
FN:49,createHashSha256
FN:54,createPKCEChallengeFromVerifier
FN:55,(anonymous_18)
FN:58,createPKCE
FN:71,verify
FNF:11
FNH:11
FNDA:2,generateRandomString
FNDA:3,createBuffer
FNDA:56,decToHex
FNDA:7,base64EncodeBase
FNDA:5,base64url
FNDA:3,base64Encode
FNDA:3,createHashSha256
FNDA:3,createPKCEChallengeFromVerifier
FNDA:3,(anonymous_18)
FNDA:2,createPKCE
FNDA:1,verify
DA:1,1
DA:22,1
DA:23,2
DA:24,2
DA:25,2
DA:27,1
DA:28,3
DA:31,1
DA:32,56
DA:35,1
DA:36,7
DA:37,7
DA:41,1
DA:42,5
DA:45,1
DA:46,3
DA:49,1
DA:50,3
DA:54,1
DA:55,3
DA:58,1
DA:63,2
DA:64,2
DA:71,1
DA:72,1
DA:73,1
LF:26
LH:26
BRDA:35,0,0,0
BRDA:37,1,0,5
BRDA:37,1,1,2
BRF:3
BRH:2
end_of_record
